Arguments: 
  C:\Program Files\nodejs\node.exe C:\Users\D1\.yarn\releases\yarn-1.22.19.cjs add dotenv

PATH: 
  C:\Users\D1\bin;C:\Program Files\Git\mingw64\bin;C:\Program Files\Git\usr\local\bin;C:\Program Files\Git\usr\bin;C:\Program Files\Git\usr\bin;C:\Program Files\Git\mingw64\bin;C:\Program Files\Git\usr\bin;C:\Users\D1\bin;C:\Program Files (x86)\Common Files\Oracle\Java\javapath;C:\Program Files\Microsoft\jdk-17.0.7.7-hotspot\bin;C:\WINDOWS\system32;C:\WINDOWS;C:\WINDOWS\System32\Wbem;C:\WINDOWS\System32\WindowsPowerShell\v1.0;C:\WINDOWS\System32\OpenSSH;C:\Program Files\dotnet;C:\Program Files\Git\cmd;C:\Program Files (x86)\Bitvise SSH Client;C:\Program Files (x86)\NVIDIA Corporation\PhysX\Common;F:\apache-maven-3.8.5\bin;F:\spring-2.5.0\bin;C:\Program Files\Java\jdk-18\bin;C:\Program Files\Java\jre1.8.0_321\bin;C:\Program Files\nodejs;C:\Users\D1\.console-ninja\.bin;C:\Users\D1\AppData\Local\Microsoft\WindowsApps;C:\Users\D1\AppData\Local\Programs\Microsoft VS Code\bin;C:\Users\D1\.dotnet\tools;C:\Program Files\JetBrains\IntelliJ IDEA 2023.1\bin;C:\Users\D1\AppData\Roaming\npm;C:\Program Files\Git\usr\bin\vendor_perl;C:\Program Files\Git\usr\bin\core_perl

Yarn version: 
  1.22.19

Node version: 
  16.16.0

Platform: 
  win32 x64

Trace: 
  Error: getaddrinfo ENOTFOUND registry.yarnpkg.com
      at GetAddrInfoReqWrap.onlookup [as oncomplete] (node:dns:71:26)

npm manifest: 
  {
    "name": "booking-skynews",
    "version": "1.0.0",
    "description": "Microsoft Teams Hello World sample app written in ES6 with Bot Framework v4 SDK",
    "main": "src/app.js",
    "scripts": {
      "start": "nodemon --exec ./node_modules/.bin/babel-node src/app.js",
      "start:prod": "pm2-runtime start src/app.js && pm2 save && pm2 startup systemd",
      "seed": "node seed.js",
      "test": "echo \"Error: no test specified\" && exit 1"
    },
    "repository": {
      "type": "git",
      "url": "git+https://github.com/hpardess/booking_mis.git"
    },
    "author": "Microsoft Corp.",
    "license": "MIT",
    "bugs": {
      "url": "https://github.com/hpardess/booking_mis/issues"
    },
    "homepage": "",
    "dependencies": {
      "@azure/storage-blob": "^12.12.0",
      "@babel/polyfill": "^7.8.7",
      "@okta/jwt-verifier": "^2.6.0",
      "@sentry/node": "^7.23.0",
      "@sentry/tracing": "^7.23.0",
      "axios": "^0.27.2",
      "body-parser": "^1.20.0",
      "botbuilder": "^4.15.0",
      "config": "^3.3.7",
      "core-js": "^2.6.5",
      "cors": "^2.8.5",
      "dotenv": "^16.0.1",
      "dotenv-safe": "^8.2.0",
      "email-templates": "^11.0.3",
      "express": "^4.17.3",
      "express-handlebars": "^6.0.4",
      "express-session": "^1.17.3",
      "express-validator": "^6.14.0",
      "faker": "^4.1.0",
      "helmet": "^6.0.0",
      "http-errors": "^2.0.0",
      "jsonwebtoken": "^8.5.1",
      "lodash": "^4.17.21",
      "moment": "^2.29.4",
      "moment-timezone": "^0.5.40",
      "mongo-seeding": "^3.7.1",
      "mongodb": "^4.8.1",
      "mongoose": "^6.5.2",
      "mongoose-delete": "^0.5.4",
      "mongoose-paginate-v2": "^1.6.3",
      "multer": "^1.4.5-lts.1",
      "nodemailer": "^6.7.7",
      "nodemailer-mailgun-transport": "^2.1.4",
      "passport": "^0.6.0",
      "passport-openidconnect": "^0.1.1",
      "path": "^0.12.7",
      "pusher": "^5.1.1-beta",
      "request": "^2.88.2",
      "request-ip": "^2.1.3",
      "send": "^0.18.0",
      "uuid": "^9.0.0",
      "uuid4": "^2.0.2"
    },
    "devDependencies": {
      "@babel/cli": "^7.17.6",
      "@babel/core": "^7.17.8",
      "@babel/node": "^7.16.8",
      "@babel/preset-env": "^7.16.11",
      "@babel/register": "^7.17.7",
      "@microsoft/teams-js": "^2.0.0",
      "del": "^6.0.0",
      "gulp": "^4.0.2",
      "gulp-zip": "^5.1.0",
      "nodemon": "^2.0.19"
    },
    "engines": {
      "npm": ">=8.0.0",
      "node": ">=16.0.0"
    },
    "overrides": {
      "glob-parent": "^6.0.0"
    }
  }

yarn manifest: 
  No manifest

Lockfile: 
  No lockfile
